<?xml version="1.0" encoding="UTF-8"?>
<!-- Generated by org.testng.reporters.JUnitXMLReporter -->
<testsuite ignored="0" hostname="SameerPatan" failures="1" tests="1" name="Test" time="1.705" errors="0" timestamp="2023-05-08T23:27:31 IST">
  <testcase classname="testcase.myReadExcelDataIntoTC3" name="SamTest" time="0.0">
    <failure type="java.lang.RuntimeException" message="java.lang.NullPointerException: Cannot invoke &amp;quot;org.apache.poi.ss.usermodel.Sheet.getLastRowNum()&amp;quot; because &amp;quot;sheetName&amp;quot; is null">
      <![CDATA[java.lang.RuntimeException: java.lang.NullPointerException: Cannot invoke "org.apache.poi.ss.usermodel.Sheet.getLastRowNum()" because "sheetName" is null
at java.base/java.util.ArrayList.forEach(ArrayList.java:1511)
Caused by: java.lang.NullPointerException: Cannot invoke "org.apache.poi.ss.usermodel.Sheet.getLastRowNum()" because "sheetName" is null
at utilities.ReadXLSdata.getData(ReadXLSdata.java:52)
... 25 more
... Removed 32 stack frames]]>
    </failure>
  </testcase> <!-- SamTest -->
</testsuite> <!-- Test -->
