<?xml version="1.0" encoding="UTF-8"?>
<testng-results ignored="0" total="2" passed="2" failed="0" skipped="0">
  <reporter-output>
  </reporter-output>
  <suite started-at="2023-05-08T03:24:45 IST" name="SamDataDrivenTesting" finished-at="2023-05-08T03:25:00 IST" duration-ms="15745">
    <groups>
    </groups>
    <test started-at="2023-05-08T03:24:45 IST" name="SamDataDtesting1" finished-at="2023-05-08T03:25:00 IST" duration-ms="15745">
      <class name="testcase.myReadExcelDataIntoTC2">
        <test-method is-config="true" signature="setUp()[pri:0, instance:testcase.myReadExcelDataIntoTC2@5677323c]" started-at="2023-05-08T03:24:46 IST" name="setUp" finished-at="2023-05-08T03:24:53 IST" duration-ms="6506" status="PASS">
          <reporter-output>
          </reporter-output>
        </test-method> <!-- setUp -->
        <test-method signature="UserLoginTest(java.lang.String,java.lang.String)[pri:0, instance:testcase.myReadExcelDataIntoTC2@5677323c]" started-at="2023-05-08T03:24:53 IST" name="UserLoginTest" data-provider="myexceldata" finished-at="2023-05-08T03:24:54 IST" duration-ms="1470" status="PASS">
          <params>
            <param index="0">
              <value>
                <![CDATA[psameer.1995@gmail.com]]>
              </value>
            </param>
            <param index="1">
              <value>
                <![CDATA[9553583547]]>
              </value>
            </param>
          </params>
          <reporter-output>
          </reporter-output>
        </test-method> <!-- UserLoginTest -->
        <test-method is-config="true" signature="tearDown()[pri:0, instance:testcase.myReadExcelDataIntoTC2@5677323c]" started-at="2023-05-08T03:24:54 IST" name="tearDown" finished-at="2023-05-08T03:24:54 IST" duration-ms="103" status="PASS">
          <reporter-output>
          </reporter-output>
        </test-method> <!-- tearDown -->
        <test-method is-config="true" signature="setUp()[pri:0, instance:testcase.myReadExcelDataIntoTC2@5677323c]" started-at="2023-05-08T03:24:54 IST" name="setUp" finished-at="2023-05-08T03:24:58 IST" duration-ms="4047" status="PASS">
          <reporter-output>
          </reporter-output>
        </test-method> <!-- setUp -->
        <test-method signature="UserLoginTest(java.lang.String,java.lang.String)[pri:0, instance:testcase.myReadExcelDataIntoTC2@5677323c]" started-at="2023-05-08T03:24:58 IST" name="UserLoginTest" data-provider="myexceldata" finished-at="2023-05-08T03:25:00 IST" duration-ms="1823" status="PASS">
          <params>
            <param index="0">
              <value>
                <![CDATA[psameer.1995@gmail.com]]>
              </value>
            </param>
            <param index="1">
              <value>
                <![CDATA[9553583547]]>
              </value>
            </param>
          </params>
          <reporter-output>
          </reporter-output>
        </test-method> <!-- UserLoginTest -->
        <test-method is-config="true" signature="tearDown()[pri:0, instance:testcase.myReadExcelDataIntoTC2@5677323c]" started-at="2023-05-08T03:25:00 IST" name="tearDown" finished-at="2023-05-08T03:25:00 IST" duration-ms="65" status="PASS">
          <reporter-output>
          </reporter-output>
        </test-method> <!-- tearDown -->
      </class> <!-- testcase.myReadExcelDataIntoTC2 -->
    </test> <!-- SamDataDtesting1 -->
  </suite> <!-- SamDataDrivenTesting -->
</testng-results>
