<?xml version="1.0" encoding="UTF-8"?>
<!-- Generated by org.testng.reporters.JUnitXMLReporter -->
<testsuite ignored="2" hostname="SameerPatan" failures="0" tests="2" name="myorgsam suite" time="9.047" errors="0" timestamp="2023-05-04T22:43:41 IST">
  <testcase classname="testcase.myFirstTestWithFM" name="LoginTest" time="1.984"/>
  <testcase classname="testcase.mySecondTestCaseWithFM" name="LoginTest" time="0.012"/>
  <testcase classname="base.BaseTest" name="@AfterTest tearDown" time="0.0">
    <ignored/>
  </testcase> <!-- @AfterTest tearDown -->
  <testcase classname="base.BaseTest" name="@BeforeTest setUp" time="0.0">
    <ignored/>
  </testcase> <!-- @BeforeTest setUp -->
</testsuite> <!-- myorgsam suite -->
